Build started 7/6/2012 3:53:00 AM.
     1>Project "C:\Users\dan\Documents\Visual Studio 2010\Projects\pugmod\codemp\cgame\JK2_cgame.vcxproj" on node 2 (build target(s)).
     1>InitializeBuildStatus:
         Creating ".\../Final/JK2cgame\JK2cgame.unsuccessfulbuild" because "AlwaysCreate" was specified.
       ClCompile:
         c:\Program Files (x86)\Microsoft Visual Studio 10.0\VC\bin\CL.exe /c /I.. /I./../game /Zi /nologo /W4 /WX- /O2 /Ob2 /Oi /Ot /Oy- /D USE_PNG /D NDEBUG /D _WINDOWS /D MISSIONPACK /D WIN32 /D CGAME /D _JK2 /D FINAL_BUILD /D _VC80_UPGRADE=0x0700 /D _WINDLL /GF /Gm- /EHsc /MT /GS- /Gy /fp:precise /Zc:wchar_t /Zc:forScope /Fo".\../Final/JK2cgame/" /Fd".\../Final/JK2cgame/vc100.pdb" /Gd /TC /analyze- /errorReport:prompt cg_view.c
         cg_view.c
     1>cg_view.c(2874): warning C4996: 'strcpy': This function or variable may be unsafe. Consider using strcpy_s instead. To disable deprecation, use _CRT_SECURE_NO_WARNINGS. See online help for details.
     1>cg_view.c(3295): warning C4189: 'velMax' : local variable is initialized but not referenced
     1>cg_view.c(3295): warning C4189: 'accelMax' : local variable is initialized but not referenced
     1>c:\users\dan\documents\visual studio 2010\projects\pugmod\codemp\cgame\fx_local.h(12): warning C4210: nonstandard extension used : function given file scope
     1>c:\users\dan\documents\visual studio 2010\projects\pugmod\codemp\cgame\fx_local.h(13): warning C4210: nonstandard extension used : function given file scope
     1>c:\users\dan\documents\visual studio 2010\projects\pugmod\codemp\cgame\fx_local.h(26): warning C4210: nonstandard extension used : function given file scope
     1>c:\users\dan\documents\visual studio 2010\projects\pugmod\codemp\cgame\fx_local.h(27): warning C4210: nonstandard extension used : function given file scope
     1>c:\users\dan\documents\visual studio 2010\projects\pugmod\codemp\cgame\fx_local.h(28): warning C4210: nonstandard extension used : function given file scope
     1>c:\users\dan\documents\visual studio 2010\projects\pugmod\codemp\cgame\fx_local.h(29): warning C4210: nonstandard extension used : function given file scope
     1>c:\users\dan\documents\visual studio 2010\projects\pugmod\codemp\cgame\fx_local.h(30): warning C4210: nonstandard extension used : function given file scope
     1>c:\users\dan\documents\visual studio 2010\projects\pugmod\codemp\cgame\fx_local.h(31): warning C4210: nonstandard extension used : function given file scope
     1>c:\users\dan\documents\visual studio 2010\projects\pugmod\codemp\cgame\fx_local.h(34): warning C4210: nonstandard extension used : function given file scope
     1>c:\users\dan\documents\visual studio 2010\projects\pugmod\codemp\cgame\fx_local.h(35): warning C4210: nonstandard extension used : function given file scope
     1>c:\users\dan\documents\visual studio 2010\projects\pugmod\codemp\cgame\fx_local.h(36): warning C4210: nonstandard extension used : function given file scope
     1>c:\users\dan\documents\visual studio 2010\projects\pugmod\codemp\cgame\fx_local.h(37): warning C4210: nonstandard extension used : function given file scope
     1>c:\users\dan\documents\visual studio 2010\projects\pugmod\codemp\cgame\fx_local.h(40): warning C4210: nonstandard extension used : function given file scope
     1>c:\users\dan\documents\visual studio 2010\projects\pugmod\codemp\cgame\fx_local.h(41): warning C4210: nonstandard extension used : function given file scope
     1>c:\users\dan\documents\visual studio 2010\projects\pugmod\codemp\cgame\fx_local.h(42): warning C4210: nonstandard extension used : function given file scope
     1>c:\users\dan\documents\visual studio 2010\projects\pugmod\codemp\cgame\fx_local.h(43): warning C4210: nonstandard extension used : function given file scope
     1>c:\users\dan\documents\visual studio 2010\projects\pugmod\codemp\cgame\fx_local.h(44): warning C4210: nonstandard extension used : function given file scope
     1>c:\users\dan\documents\visual studio 2010\projects\pugmod\codemp\cgame\fx_local.h(45): warning C4210: nonstandard extension used : function given file scope
     1>c:\users\dan\documents\visual studio 2010\projects\pugmod\codemp\cgame\fx_local.h(48): warning C4210: nonstandard extension used : function given file scope
     1>c:\users\dan\documents\visual studio 2010\projects\pugmod\codemp\cgame\fx_local.h(49): warning C4210: nonstandard extension used : function given file scope
     1>c:\users\dan\documents\visual studio 2010\projects\pugmod\codemp\cgame\fx_local.h(50): warning C4210: nonstandard extension used : function given file scope
     1>c:\users\dan\documents\visual studio 2010\projects\pugmod\codemp\cgame\fx_local.h(51): warning C4210: nonstandard extension used : function given file scope
     1>c:\users\dan\documents\visual studio 2010\projects\pugmod\codemp\cgame\fx_local.h(54): warning C4210: nonstandard extension used : function given file scope
     1>c:\users\dan\documents\visual studio 2010\projects\pugmod\codemp\cgame\fx_local.h(55): warning C4210: nonstandard extension used : function given file scope
     1>c:\users\dan\documents\visual studio 2010\projects\pugmod\codemp\cgame\fx_local.h(56): warning C4210: nonstandard extension used : function given file scope
     1>c:\users\dan\documents\visual studio 2010\projects\pugmod\codemp\cgame\fx_local.h(57): warning C4210: nonstandard extension used : function given file scope
     1>c:\users\dan\documents\visual studio 2010\projects\pugmod\codemp\cgame\fx_local.h(60): warning C4210: nonstandard extension used : function given file scope
     1>c:\users\dan\documents\visual studio 2010\projects\pugmod\codemp\cgame\fx_local.h(61): warning C4210: nonstandard extension used : function given file scope
     1>c:\users\dan\documents\visual studio 2010\projects\pugmod\codemp\cgame\fx_local.h(62): warning C4210: nonstandard extension used : function given file scope
     1>c:\users\dan\documents\visual studio 2010\projects\pugmod\codemp\cgame\fx_local.h(63): warning C4210: nonstandard extension used : function given file scope
     1>c:\users\dan\documents\visual studio 2010\projects\pugmod\codemp\cgame\cg_view.c(3412): warning C4701: potentially uninitialized local variable 'snap' used
     1>c:\users\dan\documents\visual studio 2010\projects\pugmod\codemp\cgame\cg_view.c(3018): warning C4701: potentially uninitialized local variable 'prps' used
     1>c:\users\dan\documents\visual studio 2010\projects\pugmod\codemp\cgame\cg_view.c(3030): warning C4701: potentially uninitialized local variable 'orgState' used
     1>c:\users\dan\documents\visual studio 2010\projects\pugmod\codemp\cgame\cg_view.c(3261): warning C4701: potentially uninitialized local variable 'inwater' used
       ResourceCompile:
         All outputs are up-to-date.
     1>C:\Program Files (x86)\MSBuild\Microsoft.Cpp\v4.0\Microsoft.CppBuild.targets(990,5): warning MSB8012: TargetPath(C:\Users\dan\Documents\Visual Studio 2010\Projects\pugmod\codemp\cgame\.\../Final\JK2cgame.dll) does not match the Linker's OutputFile property value (C:\Users\dan\Documents\Visual Studio 2010\Projects\pugmod\codemp\Final\cgamex86.dll). This may cause your project to build incorrectly. To correct this, please make sure that $(OutDir), $(TargetName) and $(TargetExt) property values match the value specified in %(Link.OutputFile).
     1>C:\Program Files (x86)\MSBuild\Microsoft.Cpp\v4.0\Microsoft.CppBuild.targets(992,5): warning MSB8012: TargetName(JK2cgame) does not match the Linker's OutputFile property value (cgamex86). This may cause your project to build incorrectly. To correct this, please make sure that $(OutDir), $(TargetName) and $(TargetExt) property values match the value specified in %(Link.OutputFile).
       Link:
         c:\Program Files (x86)\Microsoft Visual Studio 10.0\VC\bin\link.exe /ERRORREPORT:PROMPT /OUT:"../Final/cgamex86.dll" /INCREMENTAL:NO /NOLOGO odbc32.lib odbccp32.lib opengl32.lib .\libpng.lib .\zlib.lib .\detours.lib kernel32.lib user32.lib gdi32.lib winspool.lib comdlg32.lib advapi32.lib shell32.lib ole32.lib oleaut32.lib uuid.lib odbc32.lib odbccp32.lib /DEF:".\JK2_cgame.def" /MANIFEST /ManifestFile:".\../Final/JK2cgame\JK2cgame.dll.intermediate.manifest" /MANIFESTUAC:"level='asInvoker' uiAccess='false'" /MAP:".\../Final/cgamex86.map" /SUBSYSTEM:WINDOWS /OPT:REF /OPT:ICF /TLBID:1 /RELEASE /BASE:"0x30000000" /DYNAMICBASE:NO /IMPLIB:".\../Final/cgamex86.lib" /MACHINE:X86 /DLL .\../Final/JK2cgame\JK2cgame.res
         .\../Final/JK2cgame/AnimalNPC.obj
         .\../Final/JK2cgame/bg_g2_utils.obj
         .\../Final/JK2cgame/bg_misc.obj
         .\../Final/JK2cgame/bg_panimate.obj
         .\../Final/JK2cgame/bg_pmove.obj
         .\../Final/JK2cgame/bg_saber.obj
         .\../Final/JK2cgame/bg_saberLoad.obj
         .\../Final/JK2cgame/bg_saga.obj
         .\../Final/JK2cgame/bg_slidemove.obj
         .\../Final/JK2cgame/bg_vehicleLoad.obj
         .\../Final/JK2cgame/bg_weapons.obj
         .\../Final/JK2cgame/cg_consolecmds.obj
         .\../Final/JK2cgame/cg_draw.obj
         .\../Final/JK2cgame/cg_drawtools.obj
         .\../Final/JK2cgame/cg_effects.obj
         .\../Final/JK2cgame/cg_ents.obj
         .\../Final/JK2cgame/cg_event.obj
         .\../Final/JK2cgame/cg_info.obj
         .\../Final/JK2cgame/cg_light.obj
         .\../Final/JK2cgame/cg_localents.obj
         .\../Final/JK2cgame/cg_main.obj
         .\../Final/JK2cgame/cg_marks.obj
         .\../Final/JK2cgame/cg_newDraw.obj
         .\../Final/JK2cgame/cg_players.obj
         .\../Final/JK2cgame/cg_playerstate.obj
         .\../Final/JK2cgame/cg_predict.obj
         .\../Final/JK2cgame/cg_saga.obj
         .\../Final/JK2cgame/cg_scoreboard.obj
         .\../Final/JK2cgame/cg_servercmds.obj
         .\../Final/JK2cgame/cg_snapshot.obj
         .\../Final/JK2cgame/cg_strap.obj
         .\../Final/JK2cgame/cg_syscalls.obj
         .\../Final/JK2cgame/cg_turret.obj
         .\../Final/JK2cgame/cg_view.obj
         .\../Final/JK2cgame/cg_weaponinit.obj
         .\../Final/JK2cgame/cg_weapons.obj
         .\../Final/JK2cgame/FighterNPC.obj
         .\../Final/JK2cgame/fx_blaster.obj
         .\../Final/JK2cgame/fx_bowcaster.obj
         .\../Final/JK2cgame/fx_bryarpistol.obj
         .\../Final/JK2cgame/fx_demp2.obj
         .\../Final/JK2cgame/fx_disruptor.obj
         .\../Final/JK2cgame/fx_flechette.obj
         .\../Final/JK2cgame/fx_force.obj
         .\../Final/JK2cgame/fx_heavyrepeater.obj
         .\../Final/JK2cgame/fx_rocketlauncher.obj
         .\../Final/JK2cgame/q_math.obj
         .\../Final/JK2cgame/q_shared.obj
         .\../Final/JK2cgame/SpeederNPC.obj
         .\../Final/JK2cgame/ui_shared.obj
         .\../Final/JK2cgame/WalkerNPC.obj /MACHINE:I386 
         detours.lib(detours.obj) : MSIL .netmodule or module compiled with /GL found; restarting link with /LTCG; add /LTCG to the link command line to improve linker performance
            Creating library .\../Final/cgamex86.lib and object .\../Final/cgamex86.exp
         Generating code
         Finished generating code
         JK2_cgame.vcxproj -> C:\Users\dan\Documents\Visual Studio 2010\Projects\pugmod\codemp\cgame\.\../Final\JK2cgame.dll
       Manifest:
         C:\Program Files (x86)\Microsoft SDKs\Windows\v7.0A\bin\mt.exe /nologo /verbose /outputresource:"../Final/cgamex86.dll;#2" /manifest .\../Final/JK2cgame\JK2cgame.dll.intermediate.manifest
       FinalizeBuildStatus:
         Deleting file ".\../Final/JK2cgame\JK2cgame.unsuccessfulbuild".
         Touching ".\../Final/JK2cgame\JK2cgame.lastbuildstate".
     1>Done Building Project "C:\Users\dan\Documents\Visual Studio 2010\Projects\pugmod\codemp\cgame\JK2_cgame.vcxproj" (build target(s)).

Build succeeded.

Time Elapsed 00:00:01.89
